<?xml version="1.0" encoding="UTF-8"?>
<coverage generated="1522603629773" clover="3.2.0">
  <project timestamp="1522603629773" name="All files">
    <metrics statements="41" coveredstatements="41" conditionals="30" coveredconditionals="30" methods="2" coveredmethods="2" elements="73" coveredelements="73" complexity="0" loc="41" ncloc="41" packages="1" files="2" classes="2">
      <file name="nearest-pallindrome.js" path="/Users/markandanramadoss/Works/problem-solving/src/problems/nearest-pallindrome.js">
        <metrics statements="30" coveredstatements="30" conditionals="22" coveredconditionals="22" methods="1" coveredmethods="1"/>
        <line num="5" count="23" type="cond" truecount="4" falsecount="0"/>
        <line num="6" count="21" type="cond" truecount="2" falsecount="0"/>
        <line num="7" count="15" type="cond" truecount="2" falsecount="0"/>
        <line num="10" count="14" type="cond" truecount="4" falsecount="0"/>
        <line num="12" count="10" type="stmt"/>
        <line num="13" count="10" type="stmt"/>
        <line num="15" count="10" type="cond" truecount="2" falsecount="0"/>
        <line num="17" count="10" type="stmt"/>
        <line num="18" count="10" type="stmt"/>
        <line num="19" count="10" type="stmt"/>
        <line num="20" count="10" type="stmt"/>
        <line num="21" count="10" type="stmt"/>
        <line num="22" count="10" type="stmt"/>
        <line num="23" count="10" type="stmt"/>
        <line num="25" count="10" type="cond" truecount="2" falsecount="0"/>
        <line num="26" count="4" type="stmt"/>
        <line num="27" count="4" type="stmt"/>
        <line num="28" count="4" type="stmt"/>
        <line num="29" count="4" type="stmt"/>
        <line num="30" count="4" type="stmt"/>
        <line num="31" count="4" type="stmt"/>
        <line num="33" count="6" type="stmt"/>
        <line num="34" count="6" type="stmt"/>
        <line num="35" count="6" type="stmt"/>
        <line num="36" count="6" type="stmt"/>
        <line num="37" count="6" type="stmt"/>
        <line num="38" count="6" type="stmt"/>
        <line num="41" count="10" type="cond" truecount="2" falsecount="0"/>
        <line num="42" count="6" type="cond" truecount="2" falsecount="0"/>
        <line num="46" count="4" type="cond" truecount="2" falsecount="0"/>
      </file>
      <file name="reverse-number.js" path="/Users/markandanramadoss/Works/problem-solving/src/problems/reverse-number.js">
        <metrics statements="11" coveredstatements="11" conditionals="8" coveredconditionals="8" methods="1" coveredmethods="1"/>
        <line num="3" count="23" type="cond" truecount="4" falsecount="0"/>
        <line num="4" count="21" type="cond" truecount="2" falsecount="0"/>
        <line num="5" count="15" type="cond" truecount="2" falsecount="0"/>
        <line num="7" count="11" type="stmt"/>
        <line num="8" count="11" type="stmt"/>
        <line num="9" count="11" type="stmt"/>
        <line num="10" count="11" type="stmt"/>
        <line num="11" count="20" type="stmt"/>
        <line num="12" count="20" type="stmt"/>
        <line num="13" count="20" type="stmt"/>
        <line num="15" count="11" type="stmt"/>
      </file>
    </metrics>
  </project>
</coverage>
