{"/Users/markandanramadoss/Works/problem-solving/src/problems/biggest-number-from-array.js": {"path":"/Users/markandanramadoss/Works/problem-solving/src/problems/biggest-number-from-array.js","statementMap":{"0":{"start":{"line":2,"column":24},"end":{"line":2,"column":51}},"1":{"start":{"line":3,"column":24},"end":{"line":3,"column":51}},"2":{"start":{"line":4,"column":2},"end":{"line":4,"column":64}},"3":{"start":{"line":8,"column":2},"end":{"line":8,"column":46}},"4":{"start":{"line":8,"column":34},"end":{"line":8,"column":46}},"5":{"start":{"line":9,"column":22},"end":{"line":9,"column":78}},"6":{"start":{"line":9,"column":48},"end":{"line":9,"column":67}},"7":{"start":{"line":10,"column":2},"end":{"line":10,"column":30}}},"fnMap":{"0":{"name":"compareHelper","decl":{"start":{"line":1,"column":16},"end":{"line":1,"column":29}},"loc":{"start":{"line":1,"column":36},"end":{"line":5,"column":1}},"line":1},"1":{"name":"biggestNumberFromArray","decl":{"start":{"line":7,"column":24},"end":{"line":7,"column":46}},"loc":{"start":{"line":7,"column":59},"end":{"line":11,"column":1}},"line":7},"2":{"name":"(anonymous_2)","decl":{"start":{"line":9,"column":38},"end":{"line":9,"column":39}},"loc":{"start":{"line":9,"column":48},"end":{"line":9,"column":67}},"line":9}},"branchMap":{"0":{"loc":{"start":{"line":4,"column":9},"end":{"line":4,"column":63}},"type":"cond-expr","locations":[{"start":{"line":4,"column":58},"end":{"line":4,"column":59}},{"start":{"line":4,"column":62},"end":{"line":4,"column":63}}],"line":4},"1":{"loc":{"start":{"line":8,"column":2},"end":{"line":8,"column":46}},"type":"if","locations":[{"start":{"line":8,"column":2},"end":{"line":8,"column":46}},{"start":{"line":8,"column":2},"end":{"line":8,"column":46}}],"line":8}},"s":{"0":24,"1":24,"2":24,"3":11,"4":9,"5":2,"6":20,"7":2},"f":{"0":24,"1":11,"2":20},"b":{"0":[12,12],"1":[9,2]},"_coverageSchema":"332fd63041d2c1bcb487cc26dd0d5f7d97098a6c","hash":"a990d8ac201741971bded6c5e9ed168664ce0538"}
,"/Users/markandanramadoss/Works/problem-solving/src/problems/nearest-pallindrome.js": {"path":"/Users/markandanramadoss/Works/problem-solving/src/problems/nearest-pallindrome.js","statementMap":{"0":{"start":{"line":5,"column":2},"end":{"line":5,"column":67}},"1":{"start":{"line":5,"column":55},"end":{"line":5,"column":67}},"2":{"start":{"line":6,"column":2},"end":{"line":6,"column":50}},"3":{"start":{"line":6,"column":38},"end":{"line":6,"column":50}},"4":{"start":{"line":7,"column":2},"end":{"line":7,"column":40}},"5":{"start":{"line":7,"column":28},"end":{"line":7,"column":40}},"6":{"start":{"line":10,"column":2},"end":{"line":10,"column":80}},"7":{"start":{"line":10,"column":54},"end":{"line":10,"column":78}},"8":{"start":{"line":12,"column":24},"end":{"line":12,"column":45}},"9":{"start":{"line":13,"column":22},"end":{"line":13,"column":42}},"10":{"start":{"line":15,"column":21},"end":{"line":16,"column":95}},"11":{"start":{"line":17,"column":22},"end":{"line":17,"column":61}},"12":{"start":{"line":18,"column":18},"end":{"line":18,"column":20}},"13":{"start":{"line":19,"column":23},"end":{"line":19,"column":24}},"14":{"start":{"line":20,"column":25},"end":{"line":20,"column":26}},"15":{"start":{"line":21,"column":25},"end":{"line":21,"column":26}},"16":{"start":{"line":22,"column":20},"end":{"line":22,"column":22}},"17":{"start":{"line":23,"column":20},"end":{"line":23,"column":22}},"18":{"start":{"line":25,"column":2},"end":{"line":39,"column":3}},"19":{"start":{"line":26,"column":4},"end":{"line":26,"column":63}},"20":{"start":{"line":27,"column":4},"end":{"line":27,"column":59}},"21":{"start":{"line":28,"column":4},"end":{"line":28,"column":59}},"22":{"start":{"line":29,"column":4},"end":{"line":29,"column":86}},"23":{"start":{"line":30,"column":4},"end":{"line":30,"column":92}},"24":{"start":{"line":31,"column":4},"end":{"line":31,"column":92}},"25":{"start":{"line":33,"column":4},"end":{"line":33,"column":73}},"26":{"start":{"line":34,"column":4},"end":{"line":34,"column":59}},"27":{"start":{"line":35,"column":4},"end":{"line":35,"column":59}},"28":{"start":{"line":36,"column":4},"end":{"line":36,"column":74}},"29":{"start":{"line":37,"column":4},"end":{"line":37,"column":78}},"30":{"start":{"line":38,"column":4},"end":{"line":38,"column":78}},"31":{"start":{"line":41,"column":2},"end":{"line":44,"column":3}},"32":{"start":{"line":42,"column":4},"end":{"line":43,"column":40}},"33":{"start":{"line":46,"column":2},"end":{"line":47,"column":38}}},"fnMap":{"0":{"name":"nearestPallindrome","decl":{"start":{"line":3,"column":24},"end":{"line":3,"column":42}},"loc":{"start":{"line":3,"column":55},"end":{"line":48,"column":1}},"line":3}},"branchMap":{"0":{"loc":{"start":{"line":5,"column":2},"end":{"line":5,"column":67}},"type":"if","locations":[{"start":{"line":5,"column":2},"end":{"line":5,"column":67}},{"start":{"line":5,"column":2},"end":{"line":5,"column":67}}],"line":5},"1":{"loc":{"start":{"line":5,"column":6},"end":{"line":5,"column":53}},"type":"binary-expr","locations":[{"start":{"line":5,"column":6},"end":{"line":5,"column":25}},{"start":{"line":5,"column":29},"end":{"line":5,"column":53}}],"line":5},"2":{"loc":{"start":{"line":6,"column":2},"end":{"line":6,"column":50}},"type":"if","locations":[{"start":{"line":6,"column":2},"end":{"line":6,"column":50}},{"start":{"line":6,"column":2},"end":{"line":6,"column":50}}],"line":6},"3":{"loc":{"start":{"line":7,"column":2},"end":{"line":7,"column":40}},"type":"if","locations":[{"start":{"line":7,"column":2},"end":{"line":7,"column":40}},{"start":{"line":7,"column":2},"end":{"line":7,"column":40}}],"line":7},"4":{"loc":{"start":{"line":10,"column":2},"end":{"line":10,"column":80}},"type":"if","locations":[{"start":{"line":10,"column":2},"end":{"line":10,"column":80}},{"start":{"line":10,"column":2},"end":{"line":10,"column":80}}],"line":10},"5":{"loc":{"start":{"line":10,"column":6},"end":{"line":10,"column":50}},"type":"binary-expr","locations":[{"start":{"line":10,"column":7},"end":{"line":10,"column":22}},{"start":{"line":10,"column":28},"end":{"line":10,"column":49}}],"line":10},"6":{"loc":{"start":{"line":15,"column":21},"end":{"line":16,"column":95}},"type":"cond-expr","locations":[{"start":{"line":16,"column":4},"end":{"line":16,"column":50}},{"start":{"line":16,"column":53},"end":{"line":16,"column":95}}],"line":15},"7":{"loc":{"start":{"line":25,"column":2},"end":{"line":39,"column":3}},"type":"if","locations":[{"start":{"line":25,"column":2},"end":{"line":39,"column":3}},{"start":{"line":25,"column":2},"end":{"line":39,"column":3}}],"line":25},"8":{"loc":{"start":{"line":41,"column":2},"end":{"line":44,"column":3}},"type":"if","locations":[{"start":{"line":41,"column":2},"end":{"line":44,"column":3}},{"start":{"line":41,"column":2},"end":{"line":44,"column":3}}],"line":41},"9":{"loc":{"start":{"line":42,"column":11},"end":{"line":43,"column":39}},"type":"cond-expr","locations":[{"start":{"line":43,"column":6},"end":{"line":43,"column":22}},{"start":{"line":43,"column":25},"end":{"line":43,"column":39}}],"line":42},"10":{"loc":{"start":{"line":46,"column":9},"end":{"line":47,"column":37}},"type":"cond-expr","locations":[{"start":{"line":47,"column":4},"end":{"line":47,"column":20}},{"start":{"line":47,"column":23},"end":{"line":47,"column":37}}],"line":46}},"s":{"0":23,"1":2,"2":21,"3":6,"4":15,"5":1,"6":14,"7":4,"8":10,"9":10,"10":10,"11":10,"12":10,"13":10,"14":10,"15":10,"16":10,"17":10,"18":10,"19":4,"20":4,"21":4,"22":4,"23":4,"24":4,"25":6,"26":6,"27":6,"28":6,"29":6,"30":6,"31":10,"32":6,"33":4},"f":{"0":23},"b":{"0":[2,21],"1":[23,22],"2":[6,15],"3":[1,14],"4":[4,10],"5":[14,13],"6":[4,6],"7":[4,6],"8":[6,4],"9":[3,3],"10":[2,2]},"_coverageSchema":"332fd63041d2c1bcb487cc26dd0d5f7d97098a6c","hash":"9d519cc6e61a1e7b190c07d15f1a48172f4c0bb2"}
,"/Users/markandanramadoss/Works/problem-solving/src/problems/reverse-number.js": {"path":"/Users/markandanramadoss/Works/problem-solving/src/problems/reverse-number.js","statementMap":{"0":{"start":{"line":3,"column":2},"end":{"line":3,"column":65}},"1":{"start":{"line":3,"column":55},"end":{"line":3,"column":65}},"2":{"start":{"line":4,"column":2},"end":{"line":4,"column":48}},"3":{"start":{"line":4,"column":38},"end":{"line":4,"column":48}},"4":{"start":{"line":5,"column":2},"end":{"line":5,"column":38}},"5":{"start":{"line":5,"column":28},"end":{"line":5,"column":38}},"6":{"start":{"line":7,"column":25},"end":{"line":7,"column":27}},"7":{"start":{"line":8,"column":14},"end":{"line":8,"column":24}},"8":{"start":{"line":9,"column":20},"end":{"line":9,"column":48}},"9":{"start":{"line":10,"column":2},"end":{"line":14,"column":3}},"10":{"start":{"line":11,"column":4},"end":{"line":11,"column":48}},"11":{"start":{"line":12,"column":4},"end":{"line":12,"column":37}},"12":{"start":{"line":13,"column":4},"end":{"line":13,"column":21}},"13":{"start":{"line":15,"column":2},"end":{"line":15,"column":26}}},"fnMap":{"0":{"name":"reverseNumber","decl":{"start":{"line":1,"column":24},"end":{"line":1,"column":37}},"loc":{"start":{"line":1,"column":50},"end":{"line":16,"column":1}},"line":1}},"branchMap":{"0":{"loc":{"start":{"line":3,"column":2},"end":{"line":3,"column":65}},"type":"if","locations":[{"start":{"line":3,"column":2},"end":{"line":3,"column":65}},{"start":{"line":3,"column":2},"end":{"line":3,"column":65}}],"line":3},"1":{"loc":{"start":{"line":3,"column":6},"end":{"line":3,"column":53}},"type":"binary-expr","locations":[{"start":{"line":3,"column":6},"end":{"line":3,"column":25}},{"start":{"line":3,"column":29},"end":{"line":3,"column":53}}],"line":3},"2":{"loc":{"start":{"line":4,"column":2},"end":{"line":4,"column":48}},"type":"if","locations":[{"start":{"line":4,"column":2},"end":{"line":4,"column":48}},{"start":{"line":4,"column":2},"end":{"line":4,"column":48}}],"line":4},"3":{"loc":{"start":{"line":5,"column":2},"end":{"line":5,"column":38}},"type":"if","locations":[{"start":{"line":5,"column":2},"end":{"line":5,"column":38}},{"start":{"line":5,"column":2},"end":{"line":5,"column":38}}],"line":5}},"s":{"0":23,"1":2,"2":21,"3":6,"4":15,"5":4,"6":11,"7":11,"8":11,"9":11,"10":20,"11":20,"12":20,"13":11},"f":{"0":23},"b":{"0":[2,21],"1":[23,22],"2":[6,15],"3":[4,11]},"_coverageSchema":"332fd63041d2c1bcb487cc26dd0d5f7d97098a6c","hash":"b6cdb3f69903d091b5584271297ebf4efa7fb91e"}
,"/Users/markandanramadoss/Works/problem-solving/src/problems/selection-sort.js": {"path":"/Users/markandanramadoss/Works/problem-solving/src/problems/selection-sort.js","statementMap":{"0":{"start":{"line":2,"column":19},"end":{"line":2,"column":35}},"1":{"start":{"line":3,"column":21},"end":{"line":3,"column":29}},"2":{"start":{"line":4,"column":2},"end":{"line":4,"column":42}},"3":{"start":{"line":5,"column":2},"end":{"line":5,"column":32}},"4":{"start":{"line":9,"column":2},"end":{"line":9,"column":42}},"5":{"start":{"line":9,"column":32},"end":{"line":9,"column":42}},"6":{"start":{"line":10,"column":22},"end":{"line":10,"column":37}},"7":{"start":{"line":12,"column":2},"end":{"line":17,"column":3}},"8":{"start":{"line":13,"column":4},"end":{"line":13,"column":21}},"9":{"start":{"line":14,"column":4},"end":{"line":16,"column":5}},"10":{"start":{"line":15,"column":6},"end":{"line":15,"column":88}},"11":{"start":{"line":15,"column":48},"end":{"line":15,"column":88}},"12":{"start":{"line":18,"column":2},"end":{"line":18,"column":18}}},"fnMap":{"0":{"name":"swapElements","decl":{"start":{"line":1,"column":16},"end":{"line":1,"column":28}},"loc":{"start":{"line":1,"column":55},"end":{"line":6,"column":1}},"line":1},"1":{"name":"selectionSort","decl":{"start":{"line":8,"column":24},"end":{"line":8,"column":37}},"loc":{"start":{"line":8,"column":48},"end":{"line":19,"column":1}},"line":8}},"branchMap":{"0":{"loc":{"start":{"line":9,"column":2},"end":{"line":9,"column":42}},"type":"if","locations":[{"start":{"line":9,"column":2},"end":{"line":9,"column":42}},{"start":{"line":9,"column":2},"end":{"line":9,"column":42}}],"line":9},"1":{"loc":{"start":{"line":15,"column":6},"end":{"line":15,"column":88}},"type":"if","locations":[{"start":{"line":15,"column":6},"end":{"line":15,"column":88}},{"start":{"line":15,"column":6},"end":{"line":15,"column":88}}],"line":15}},"s":{"0":9,"1":9,"2":9,"3":9,"4":10,"5":9,"6":1,"7":1,"8":5,"9":5,"10":10,"11":9,"12":1},"f":{"0":9,"1":10},"b":{"0":[9,1],"1":[9,1]},"_coverageSchema":"332fd63041d2c1bcb487cc26dd0d5f7d97098a6c","hash":"0d720eabcc88c8d0a0744d34b5065316b23d56a2"}
}
