{"/Users/markandanramadoss/Works/problem-solving/src/problems/biggest-number-from-array.js": {"path":"/Users/markandanramadoss/Works/problem-solving/src/problems/biggest-number-from-array.js","statementMap":{"0":{"start":{"line":2,"column":24},"end":{"line":2,"column":51}},"1":{"start":{"line":3,"column":24},"end":{"line":3,"column":51}},"2":{"start":{"line":4,"column":2},"end":{"line":4,"column":64}},"3":{"start":{"line":8,"column":2},"end":{"line":8,"column":46}},"4":{"start":{"line":8,"column":34},"end":{"line":8,"column":46}},"5":{"start":{"line":9,"column":22},"end":{"line":9,"column":78}},"6":{"start":{"line":9,"column":48},"end":{"line":9,"column":67}},"7":{"start":{"line":10,"column":2},"end":{"line":10,"column":30}}},"fnMap":{"0":{"name":"compareHelper","decl":{"start":{"line":1,"column":16},"end":{"line":1,"column":29}},"loc":{"start":{"line":1,"column":36},"end":{"line":5,"column":1}},"line":1},"1":{"name":"biggestNumberFromArray","decl":{"start":{"line":7,"column":24},"end":{"line":7,"column":46}},"loc":{"start":{"line":7,"column":59},"end":{"line":11,"column":1}},"line":7},"2":{"name":"(anonymous_2)","decl":{"start":{"line":9,"column":38},"end":{"line":9,"column":39}},"loc":{"start":{"line":9,"column":48},"end":{"line":9,"column":67}},"line":9}},"branchMap":{"0":{"loc":{"start":{"line":4,"column":9},"end":{"line":4,"column":63}},"type":"cond-expr","locations":[{"start":{"line":4,"column":58},"end":{"line":4,"column":59}},{"start":{"line":4,"column":62},"end":{"line":4,"column":63}}],"line":4},"1":{"loc":{"start":{"line":8,"column":2},"end":{"line":8,"column":46}},"type":"if","locations":[{"start":{"line":8,"column":2},"end":{"line":8,"column":46}},{"start":{"line":8,"column":2},"end":{"line":8,"column":46}}],"line":8}},"s":{"0":24,"1":24,"2":24,"3":11,"4":9,"5":2,"6":20,"7":2},"f":{"0":24,"1":11,"2":20},"b":{"0":[12,12],"1":[9,2]},"_coverageSchema":"332fd63041d2c1bcb487cc26dd0d5f7d97098a6c","hash":"a990d8ac201741971bded6c5e9ed168664ce0538"}
,"/Users/markandanramadoss/Works/problem-solving/src/problems/reverse-number.js": {"path":"/Users/markandanramadoss/Works/problem-solving/src/problems/reverse-number.js","statementMap":{"0":{"start":{"line":3,"column":2},"end":{"line":3,"column":65}},"1":{"start":{"line":3,"column":55},"end":{"line":3,"column":65}},"2":{"start":{"line":4,"column":2},"end":{"line":4,"column":48}},"3":{"start":{"line":4,"column":38},"end":{"line":4,"column":48}},"4":{"start":{"line":5,"column":2},"end":{"line":5,"column":38}},"5":{"start":{"line":5,"column":28},"end":{"line":5,"column":38}},"6":{"start":{"line":7,"column":25},"end":{"line":7,"column":27}},"7":{"start":{"line":8,"column":14},"end":{"line":8,"column":24}},"8":{"start":{"line":9,"column":20},"end":{"line":9,"column":48}},"9":{"start":{"line":10,"column":2},"end":{"line":14,"column":3}},"10":{"start":{"line":11,"column":4},"end":{"line":11,"column":48}},"11":{"start":{"line":12,"column":4},"end":{"line":12,"column":37}},"12":{"start":{"line":13,"column":4},"end":{"line":13,"column":21}},"13":{"start":{"line":15,"column":2},"end":{"line":15,"column":26}}},"fnMap":{"0":{"name":"reverseNumber","decl":{"start":{"line":1,"column":24},"end":{"line":1,"column":37}},"loc":{"start":{"line":1,"column":50},"end":{"line":16,"column":1}},"line":1}},"branchMap":{"0":{"loc":{"start":{"line":3,"column":2},"end":{"line":3,"column":65}},"type":"if","locations":[{"start":{"line":3,"column":2},"end":{"line":3,"column":65}},{"start":{"line":3,"column":2},"end":{"line":3,"column":65}}],"line":3},"1":{"loc":{"start":{"line":3,"column":6},"end":{"line":3,"column":53}},"type":"binary-expr","locations":[{"start":{"line":3,"column":6},"end":{"line":3,"column":25}},{"start":{"line":3,"column":29},"end":{"line":3,"column":53}}],"line":3},"2":{"loc":{"start":{"line":4,"column":2},"end":{"line":4,"column":48}},"type":"if","locations":[{"start":{"line":4,"column":2},"end":{"line":4,"column":48}},{"start":{"line":4,"column":2},"end":{"line":4,"column":48}}],"line":4},"3":{"loc":{"start":{"line":5,"column":2},"end":{"line":5,"column":38}},"type":"if","locations":[{"start":{"line":5,"column":2},"end":{"line":5,"column":38}},{"start":{"line":5,"column":2},"end":{"line":5,"column":38}}],"line":5}},"s":{"0":13,"1":2,"2":11,"3":6,"4":5,"5":1,"6":4,"7":4,"8":4,"9":4,"10":13,"11":13,"12":13,"13":4},"f":{"0":13},"b":{"0":[2,11],"1":[13,12],"2":[6,5],"3":[1,4]},"_coverageSchema":"332fd63041d2c1bcb487cc26dd0d5f7d97098a6c","hash":"b6cdb3f69903d091b5584271297ebf4efa7fb91e"}
}
