TN:
SF:/Users/markandanramadoss/Works/problem-solving/src/problems/biggest-number-from-array.js
FN:1,compareHelper
FN:7,biggestNumberFromArray
FN:9,(anonymous_2)
FNF:3
FNH:3
FNDA:24,compareHelper
FNDA:11,biggestNumberFromArray
FNDA:20,(anonymous_2)
DA:2,24
DA:3,24
DA:4,24
DA:8,11
DA:9,20
DA:10,2
LF:6
LH:6
BRDA:4,0,0,12
BRDA:4,0,1,12
BRDA:8,1,0,9
BRDA:8,1,1,2
BRF:4
BRH:4
end_of_record
TN:
SF:/Users/markandanramadoss/Works/problem-solving/src/problems/nearest-pallindrome.js
FN:3,nearestPallindrome
FNF:1
FNH:1
FNDA:23,nearestPallindrome
DA:5,23
DA:6,21
DA:7,15
DA:10,14
DA:12,10
DA:13,10
DA:15,10
DA:17,10
DA:18,10
DA:19,10
DA:20,10
DA:21,10
DA:22,10
DA:23,10
DA:25,10
DA:26,4
DA:27,4
DA:28,4
DA:29,4
DA:30,4
DA:31,4
DA:33,6
DA:34,6
DA:35,6
DA:36,6
DA:37,6
DA:38,6
DA:41,10
DA:42,6
DA:46,4
LF:30
LH:30
BRDA:5,0,0,2
BRDA:5,0,1,21
BRDA:5,1,0,23
BRDA:5,1,1,22
BRDA:6,2,0,6
BRDA:6,2,1,15
BRDA:7,3,0,1
BRDA:7,3,1,14
BRDA:10,4,0,4
BRDA:10,4,1,10
BRDA:10,5,0,14
BRDA:10,5,1,13
BRDA:15,6,0,4
BRDA:15,6,1,6
BRDA:25,7,0,4
BRDA:25,7,1,6
BRDA:41,8,0,6
BRDA:41,8,1,4
BRDA:42,9,0,3
BRDA:42,9,1,3
BRDA:46,10,0,2
BRDA:46,10,1,2
BRF:22
BRH:22
end_of_record
TN:
SF:/Users/markandanramadoss/Works/problem-solving/src/problems/reverse-number.js
FN:1,reverseNumber
FNF:1
FNH:1
FNDA:23,reverseNumber
DA:3,23
DA:4,21
DA:5,15
DA:7,11
DA:8,11
DA:9,11
DA:10,11
DA:11,20
DA:12,20
DA:13,20
DA:15,11
LF:11
LH:11
BRDA:3,0,0,2
BRDA:3,0,1,21
BRDA:3,1,0,23
BRDA:3,1,1,22
BRDA:4,2,0,6
BRDA:4,2,1,15
BRDA:5,3,0,4
BRDA:5,3,1,11
BRF:8
BRH:8
end_of_record
TN:
SF:/Users/markandanramadoss/Works/problem-solving/src/problems/selection-sort.js
FN:1,swapElements
FN:8,selectionSort
FNF:2
FNH:2
FNDA:9,swapElements
FNDA:10,selectionSort
DA:2,9
DA:3,9
DA:4,9
DA:5,9
DA:9,10
DA:10,1
DA:12,1
DA:13,5
DA:14,5
DA:15,10
DA:18,1
LF:11
LH:11
BRDA:9,0,0,9
BRDA:9,0,1,1
BRDA:15,1,0,9
BRDA:15,1,1,1
BRF:4
BRH:4
end_of_record
