TN:
SF:/Users/markandanramadoss/Works/problem-solving/src/problems/biggest-number-from-array.js
FN:1,compareHelper
FN:7,biggestNumberFromArray
FN:9,(anonymous_2)
FNF:3
FNH:3
FNDA:24,compareHelper
FNDA:11,biggestNumberFromArray
FNDA:20,(anonymous_2)
DA:2,24
DA:3,24
DA:4,24
DA:8,11
DA:9,20
DA:10,2
LF:6
LH:6
BRDA:4,0,0,12
BRDA:4,0,1,12
BRDA:8,1,0,9
BRDA:8,1,1,2
BRF:4
BRH:4
end_of_record
TN:
SF:/Users/markandanramadoss/Works/problem-solving/src/problems/reverse-number.js
FN:1,reverseNumber
FNF:1
FNH:1
FNDA:13,reverseNumber
DA:3,13
DA:4,11
DA:5,5
DA:7,4
DA:8,4
DA:9,4
DA:10,4
DA:11,13
DA:12,13
DA:13,13
DA:15,4
LF:11
LH:11
BRDA:3,0,0,2
BRDA:3,0,1,11
BRDA:3,1,0,13
BRDA:3,1,1,12
BRDA:4,2,0,6
BRDA:4,2,1,5
BRDA:5,3,0,1
BRDA:5,3,1,4
BRF:8
BRH:8
end_of_record
